Feb-09 07:01:31.938 [main] DEBUG nextflow.cli.Launcher - $> nextflow run bbsplit.nf -resume -c nextflow.config /
Feb-09 07:01:32.162 [main] INFO  nextflow.cli.CmdRun - N E X T F L O W  ~  version 23.10.1
Feb-09 07:01:32.182 [main] DEBUG nextflow.plugin.PluginsFacade - Setting up plugin manager > mode=prod; embedded=false; plugins-dir=/home/ubuntu/.nextflow/plugins; core-plugins: nf-amazon@2.1.4,nf-azure@1.3.3,nf-cloudcache@0.3.0,nf-codecommit@0.1.5,nf-console@1.0.6,nf-ga4gh@1.1.0,nf-google@1.8.3,nf-tower@1.6.3,nf-wave@1.0.1
Feb-09 07:01:32.254 [main] INFO  o.pf4j.DefaultPluginStatusProvider - Enabled plugins: []
Feb-09 07:01:32.255 [main] INFO  o.pf4j.DefaultPluginStatusProvider - Disabled plugins: []
Feb-09 07:01:32.258 [main] INFO  org.pf4j.DefaultPluginManager - PF4J version 3.4.1 in 'deployment' mode
Feb-09 07:01:32.268 [main] INFO  org.pf4j.AbstractPluginManager - No plugins
Feb-09 07:01:32.290 [main] DEBUG nextflow.config.ConfigBuilder - Found config local: /data/local/MD_scholarly/scripts/pipelines/exome/03_bbsplit/nextflow.config
Feb-09 07:01:32.293 [main] DEBUG nextflow.config.ConfigBuilder - User config file: /data/local/MD_scholarly/scripts/pipelines/exome/03_bbsplit/nextflow.config
Feb-09 07:01:32.294 [main] DEBUG nextflow.config.ConfigBuilder - Parsing config file: /data/local/MD_scholarly/scripts/pipelines/exome/03_bbsplit/nextflow.config
Feb-09 07:01:32.294 [main] DEBUG nextflow.config.ConfigBuilder - Parsing config file: /data/local/MD_scholarly/scripts/pipelines/exome/03_bbsplit/nextflow.config
Feb-09 07:01:32.322 [main] DEBUG nextflow.config.ConfigBuilder - Applying config profile: `standard`
Feb-09 07:01:32.721 [main] DEBUG nextflow.config.ConfigBuilder - Applying config profile: `standard`
Feb-09 07:01:32.753 [main] DEBUG nextflow.cli.CmdRun - Applied DSL=2 by global default
Feb-09 07:01:32.770 [main] INFO  nextflow.cli.CmdRun - Launching `bbsplit.nf` [drunk_mirzakhani] DSL2 - revision: 4899795355
Feb-09 07:01:32.771 [main] DEBUG nextflow.plugin.PluginsFacade - Plugins default=[]
Feb-09 07:01:32.771 [main] DEBUG nextflow.plugin.PluginsFacade - Plugins resolved requirement=[]
Feb-09 07:01:32.782 [main] DEBUG n.secret.LocalSecretsProvider - Secrets store: /home/ubuntu/.nextflow/secrets/store.json
Feb-09 07:01:32.788 [main] DEBUG nextflow.secret.SecretsLoader - Discovered secrets providers: [nextflow.secret.LocalSecretsProvider@5b9396d3] - activable => nextflow.secret.LocalSecretsProvider@5b9396d3
Feb-09 07:01:32.847 [main] DEBUG nextflow.Session - Session UUID: d307e6c6-c475-40a1-8064-2853b8598fa0
Feb-09 07:01:32.847 [main] DEBUG nextflow.Session - Run name: drunk_mirzakhani
Feb-09 07:01:32.848 [main] DEBUG nextflow.Session - Executor pool size: 64
Feb-09 07:01:32.854 [main] DEBUG nextflow.file.FilePorter - File porter settings maxRetries=3; maxTransfers=50; pollTimeout=null
Feb-09 07:01:32.885 [main] DEBUG nextflow.cli.CmdRun - 
  Version: 23.10.1 build 5891
  Created: 12-01-2024 22:01 UTC 
  System: Linux 5.4.0-169-generic
  Runtime: Groovy 3.0.19 on OpenJDK 64-Bit Server VM 21.0.2+13-LTS
  Encoding: UTF-8 (UTF-8)
  Process: 717870@instance-1 [127.0.1.1]
  CPUs: 64 - Mem: 251.7 GB (83.1 GB) - Swap: 0 (0) - Virtual threads ON
Feb-09 07:01:32.921 [main] DEBUG nextflow.Session - Work-dir: /data/local/MD_scholarly/scripts/pipelines/exome/03_bbsplit/work [ext2/ext3]
Feb-09 07:01:32.921 [main] DEBUG nextflow.Session - Script base path does not exist or is not a directory: /data/local/MD_scholarly/scripts/pipelines/exome/03_bbsplit/bin
Feb-09 07:01:32.990 [main] DEBUG nextflow.executor.ExecutorFactory - Extension executors providers=[]
Feb-09 07:01:33.004 [main] DEBUG nextflow.Session - Observer factory: DefaultObserverFactory
Feb-09 07:01:33.024 [main] DEBUG nextflow.cache.CacheFactory - Using Nextflow cache factory: nextflow.cache.DefaultCacheFactory
Feb-09 07:01:33.034 [main] DEBUG nextflow.util.CustomPoolFactory - Creating virtual thread pool
Feb-09 07:01:33.816 [main] DEBUG nextflow.Session - Session start
Feb-09 07:01:34.230 [main] DEBUG nextflow.script.ScriptRunner - > Launching execution
Feb-09 07:01:34.375 [main] DEBUG nextflow.executor.ExecutorFactory - << taskConfig executor: null
Feb-09 07:01:34.375 [main] DEBUG nextflow.executor.ExecutorFactory - >> processorType: 'local'
Feb-09 07:01:34.381 [main] DEBUG nextflow.executor.Executor - [warm up] executor > local
Feb-09 07:01:34.389 [main] DEBUG n.processor.LocalPollingMonitor - Creating local task monitor for executor 'local' > cpus=64; memory=251.7 GB; capacity=64; pollInterval=100ms; dumpInterval=5m
Feb-09 07:01:34.391 [main] DEBUG n.processor.TaskPollingMonitor - >>> barrier register (monitor: local)
Feb-09 07:01:34.461 [main] DEBUG nextflow.Session - Workflow process names [dsl2]: bbsplit
Feb-09 07:01:34.462 [main] DEBUG nextflow.Session - Igniting dataflow network (2)
Feb-09 07:01:34.468 [main] DEBUG nextflow.processor.TaskProcessor - Starting process > bbsplit
Feb-09 07:01:34.469 [PathVisitor-1] DEBUG nextflow.file.PathVisitor - files for syntax: glob; folder: /home/ubuntu/data/local/MD_scholarly/data/processed/exome/02_renamed/; pattern: P16*_R{1,2}_*.fastq.gz; options: [:]
Feb-09 07:01:34.470 [main] DEBUG nextflow.script.ScriptRunner - Parsed script files:
  Script_a9b0b7e41dbeb287: /data/local/MD_scholarly/scripts/pipelines/exome/03_bbsplit/bbsplit.nf
Feb-09 07:01:34.470 [main] DEBUG nextflow.script.ScriptRunner - > Awaiting termination 
Feb-09 07:01:34.470 [main] DEBUG nextflow.Session - Session await
Feb-09 07:01:34.729 [Task submitter] DEBUG n.executor.local.LocalTaskHandler - Launch cmd line: /bin/bash -ue .command.run
Feb-09 07:01:34.731 [Task submitter] INFO  nextflow.Session - [c2/a8a48e] Submitted process > bbsplit (1)
Feb-09 07:01:34.752 [Actor Thread 13] INFO  nextflow.processor.TaskProcessor - [e7/1b6f40] Cached process > bbsplit (2)
Feb-09 07:06:34.559 [Task monitor] DEBUG n.processor.TaskPollingMonitor - !! executor local > tasks to be completed: 1 -- submitted tasks are shown below
~> TaskHandler[id: 1; name: bbsplit (1); status: RUNNING; exit: -; error: -; workDir: /data/local/MD_scholarly/scripts/pipelines/exome/03_bbsplit/work/c2/a8a48eae182b32a578c538055e95fa]
Feb-09 07:11:34.605 [Task monitor] DEBUG n.processor.TaskPollingMonitor - !! executor local > tasks to be completed: 1 -- submitted tasks are shown below
~> TaskHandler[id: 1; name: bbsplit (1); status: RUNNING; exit: -; error: -; workDir: /data/local/MD_scholarly/scripts/pipelines/exome/03_bbsplit/work/c2/a8a48eae182b32a578c538055e95fa]
Feb-09 07:16:34.682 [Task monitor] DEBUG n.processor.TaskPollingMonitor - !! executor local > tasks to be completed: 1 -- submitted tasks are shown below
~> TaskHandler[id: 1; name: bbsplit (1); status: RUNNING; exit: -; error: -; workDir: /data/local/MD_scholarly/scripts/pipelines/exome/03_bbsplit/work/c2/a8a48eae182b32a578c538055e95fa]
Feb-09 07:21:34.771 [Task monitor] DEBUG n.processor.TaskPollingMonitor - !! executor local > tasks to be completed: 1 -- submitted tasks are shown below
~> TaskHandler[id: 1; name: bbsplit (1); status: RUNNING; exit: -; error: -; workDir: /data/local/MD_scholarly/scripts/pipelines/exome/03_bbsplit/work/c2/a8a48eae182b32a578c538055e95fa]
Feb-09 07:26:34.863 [Task monitor] DEBUG n.processor.TaskPollingMonitor - !! executor local > tasks to be completed: 1 -- submitted tasks are shown below
~> TaskHandler[id: 1; name: bbsplit (1); status: RUNNING; exit: -; error: -; workDir: /data/local/MD_scholarly/scripts/pipelines/exome/03_bbsplit/work/c2/a8a48eae182b32a578c538055e95fa]
Feb-09 07:31:34.951 [Task monitor] DEBUG n.processor.TaskPollingMonitor - !! executor local > tasks to be completed: 1 -- submitted tasks are shown below
~> TaskHandler[id: 1; name: bbsplit (1); status: RUNNING; exit: -; error: -; workDir: /data/local/MD_scholarly/scripts/pipelines/exome/03_bbsplit/work/c2/a8a48eae182b32a578c538055e95fa]
Feb-09 07:36:35.042 [Task monitor] DEBUG n.processor.TaskPollingMonitor - !! executor local > tasks to be completed: 1 -- submitted tasks are shown below
~> TaskHandler[id: 1; name: bbsplit (1); status: RUNNING; exit: -; error: -; workDir: /data/local/MD_scholarly/scripts/pipelines/exome/03_bbsplit/work/c2/a8a48eae182b32a578c538055e95fa]
Feb-09 07:41:35.049 [Task monitor] DEBUG n.processor.TaskPollingMonitor - !! executor local > tasks to be completed: 1 -- submitted tasks are shown below
~> TaskHandler[id: 1; name: bbsplit (1); status: RUNNING; exit: -; error: -; workDir: /data/local/MD_scholarly/scripts/pipelines/exome/03_bbsplit/work/c2/a8a48eae182b32a578c538055e95fa]
Feb-09 07:45:53.085 [Task monitor] DEBUG n.processor.TaskPollingMonitor - Task completed > TaskHandler[id: 1; name: bbsplit (1); status: COMPLETED; exit: 0; error: -; workDir: /data/local/MD_scholarly/scripts/pipelines/exome/03_bbsplit/work/c2/a8a48eae182b32a578c538055e95fa]
Feb-09 07:45:53.132 [main] DEBUG nextflow.Session - Session await > all processes finished
Feb-09 07:45:53.135 [Task monitor] DEBUG n.processor.TaskPollingMonitor - <<< barrier arrives (monitor: local) - terminating tasks monitor poll loop
Feb-09 07:45:53.136 [main] DEBUG nextflow.Session - Session await > all barriers passed
Feb-09 07:45:58.140 [main] INFO  nextflow.util.ThreadPoolHelper - Waiting for file transfers to complete (2 files)
Feb-09 07:46:58.146 [main] DEBUG nextflow.util.ThreadPoolHelper - Waiting for file transfers to complete (2 files)
Feb-09 07:47:58.149 [main] DEBUG nextflow.util.ThreadPoolHelper - Waiting for file transfers to complete (1 files)
Feb-09 07:48:58.153 [main] DEBUG nextflow.util.ThreadPoolHelper - Waiting for file transfers to complete (1 files)
Feb-09 07:49:58.156 [main] DEBUG nextflow.util.ThreadPoolHelper - Waiting for file transfers to complete (1 files)
Feb-09 07:50:58.160 [main] DEBUG nextflow.util.ThreadPoolHelper - Waiting for file transfers to complete (1 files)
Feb-09 07:51:58.163 [main] DEBUG nextflow.util.ThreadPoolHelper - Waiting for file transfers to complete (1 files)
Feb-09 07:52:07.966 [main] DEBUG nextflow.util.ThreadPoolManager - Thread pool 'PublishDir' shutdown completed (hard=false)
Feb-09 07:52:07.974 [main] DEBUG n.trace.WorkflowStatsObserver - Workflow completed > WorkflowStats[succeededCount=1; failedCount=0; ignoredCount=0; cachedCount=1; pendingCount=0; submittedCount=0; runningCount=0; retriesCount=0; abortedCount=0; succeedDuration=44m 18s; failedDuration=0ms; cachedDuration=33m 53s;loadCpus=0; loadMemory=0; peakRunning=1; peakCpus=1; peakMemory=0; ]
Feb-09 07:52:08.048 [main] DEBUG nextflow.cache.CacheDB - Closing CacheDB done
Feb-09 07:52:08.062 [main] DEBUG nextflow.util.ThreadPoolManager - Thread pool 'FileTransfer' shutdown completed (hard=false)
Feb-09 07:52:08.063 [main] DEBUG nextflow.script.ScriptRunner - > Execution complete -- Goodbye
