Mar-28 07:39:51.238 [main] DEBUG nextflow.cli.Launcher - $> nextflow run test.nf
Mar-28 07:39:51.324 [main] INFO  nextflow.cli.CmdRun - N E X T F L O W  ~  version 23.10.1
Mar-28 07:39:51.343 [main] DEBUG nextflow.plugin.PluginsFacade - Setting up plugin manager > mode=prod; embedded=false; plugins-dir=/home/ubuntu/.nextflow/plugins; core-plugins: nf-amazon@2.1.4,nf-azure@1.3.3,nf-cloudcache@0.3.0,nf-codecommit@0.1.5,nf-console@1.0.6,nf-ga4gh@1.1.0,nf-google@1.8.3,nf-tower@1.6.3,nf-wave@1.0.1
Mar-28 07:39:51.352 [main] INFO  o.pf4j.DefaultPluginStatusProvider - Enabled plugins: []
Mar-28 07:39:51.354 [main] INFO  o.pf4j.DefaultPluginStatusProvider - Disabled plugins: []
Mar-28 07:39:51.357 [main] INFO  org.pf4j.DefaultPluginManager - PF4J version 3.4.1 in 'deployment' mode
Mar-28 07:39:51.366 [main] INFO  org.pf4j.AbstractPluginManager - No plugins
Mar-28 07:39:51.436 [main] DEBUG nextflow.cli.CmdRun - Applied DSL=2 by global default
Mar-28 07:39:51.453 [main] INFO  nextflow.cli.CmdRun - Launching `test.nf` [crazy_northcutt] DSL2 - revision: d42b1c87ab
Mar-28 07:39:51.454 [main] DEBUG nextflow.plugin.PluginsFacade - Plugins default=[]
Mar-28 07:39:51.454 [main] DEBUG nextflow.plugin.PluginsFacade - Plugins resolved requirement=[]
Mar-28 07:39:51.464 [main] DEBUG n.secret.LocalSecretsProvider - Secrets store: /home/ubuntu/.nextflow/secrets/store.json
Mar-28 07:39:51.470 [main] DEBUG nextflow.secret.SecretsLoader - Discovered secrets providers: [nextflow.secret.LocalSecretsProvider@54da32dc] - activable => nextflow.secret.LocalSecretsProvider@54da32dc
Mar-28 07:39:51.537 [main] DEBUG nextflow.Session - Session UUID: 4e9e6e1f-3d15-4e92-a67b-326fceebb90d
Mar-28 07:39:51.537 [main] DEBUG nextflow.Session - Run name: crazy_northcutt
Mar-28 07:39:51.539 [main] DEBUG nextflow.Session - Executor pool size: 8
Mar-28 07:39:51.546 [main] DEBUG nextflow.file.FilePorter - File porter settings maxRetries=3; maxTransfers=50; pollTimeout=null
Mar-28 07:39:51.550 [main] DEBUG nextflow.util.ThreadPoolBuilder - Creating thread pool 'FileTransfer' minSize=10; maxSize=24; workQueue=LinkedBlockingQueue[10000]; allowCoreThreadTimeout=false
Mar-28 07:39:51.577 [main] DEBUG nextflow.cli.CmdRun - 
  Version: 23.10.1 build 5891
  Created: 12-01-2024 22:01 UTC 
  System: Linux 5.15.0-76-generic
  Runtime: Groovy 3.0.19 on OpenJDK 64-Bit Server VM 11.0.22+7-post-Ubuntu-0ubuntu222.04.1
  Encoding: UTF-8 (UTF-8)
  Process: 2465225@kevin-melanoma [127.0.1.1]
  CPUs: 8 - Mem: 31.3 GB (1 GB) - Swap: 0 (0)
Mar-28 07:39:51.598 [main] DEBUG nextflow.Session - Work-dir: /home/ubuntu/scratch/MD_project/scripts/pipelines/exome/01_trim_umis/work [ext2/ext3]
Mar-28 07:39:51.598 [main] DEBUG nextflow.Session - Script base path does not exist or is not a directory: /home/ubuntu/scratch/MD_project/scripts/pipelines/exome/01_trim_umis/bin
Mar-28 07:39:51.607 [main] DEBUG nextflow.executor.ExecutorFactory - Extension executors providers=[]
Mar-28 07:39:51.617 [main] DEBUG nextflow.Session - Observer factory: DefaultObserverFactory
Mar-28 07:39:51.638 [main] DEBUG nextflow.cache.CacheFactory - Using Nextflow cache factory: nextflow.cache.DefaultCacheFactory
Mar-28 07:39:51.648 [main] DEBUG nextflow.util.CustomThreadPool - Creating default thread pool > poolSize: 9; maxThreads: 1000
Mar-28 07:39:51.919 [main] DEBUG nextflow.Session - Session start
Mar-28 07:39:52.417 [main] DEBUG nextflow.script.ScriptRunner - > Launching execution
Mar-28 07:39:52.464 [main] DEBUG nextflow.executor.ExecutorFactory - << taskConfig executor: null
Mar-28 07:39:52.464 [main] DEBUG nextflow.executor.ExecutorFactory - >> processorType: 'local'
Mar-28 07:39:52.470 [main] DEBUG nextflow.executor.Executor - [warm up] executor > local
Mar-28 07:39:52.474 [main] DEBUG n.processor.LocalPollingMonitor - Creating local task monitor for executor 'local' > cpus=8; memory=31.3 GB; capacity=8; pollInterval=100ms; dumpInterval=5m
Mar-28 07:39:52.477 [main] DEBUG n.processor.TaskPollingMonitor - >>> barrier register (monitor: local)
Mar-28 07:39:52.592 [main] DEBUG nextflow.Session - Workflow process names [dsl2]: test_dir
Mar-28 07:39:52.592 [main] DEBUG nextflow.Session - Igniting dataflow network (1)
Mar-28 07:39:52.592 [main] DEBUG nextflow.processor.TaskProcessor - Starting process > test_dir
Mar-28 07:39:52.594 [main] DEBUG nextflow.script.ScriptRunner - Parsed script files:
  Script_f67172501025cc13: /home/ubuntu/scratch/MD_project/scripts/pipelines/exome/01_trim_umis/test.nf
Mar-28 07:39:52.594 [main] DEBUG nextflow.script.ScriptRunner - > Awaiting termination 
Mar-28 07:39:52.594 [main] DEBUG nextflow.Session - Session await
Mar-28 07:39:52.752 [Task submitter] DEBUG n.executor.local.LocalTaskHandler - Launch cmd line: /bin/bash -ue .command.run
Mar-28 07:39:52.754 [Task submitter] INFO  nextflow.Session - [a5/597dec] Submitted process > test_dir
Mar-28 07:39:52.881 [Task monitor] DEBUG n.processor.TaskPollingMonitor - Task completed > TaskHandler[id: 1; name: test_dir; status: COMPLETED; exit: 0; error: -; workDir: /home/ubuntu/scratch/MD_project/scripts/pipelines/exome/01_trim_umis/work/a5/597dec5395d9fce536622b28719f9b]
Mar-28 07:39:52.899 [main] DEBUG nextflow.Session - Session await > all processes finished
Mar-28 07:39:52.978 [Task monitor] DEBUG n.processor.TaskPollingMonitor - <<< barrier arrives (monitor: local) - terminating tasks monitor poll loop
Mar-28 07:39:52.979 [main] DEBUG nextflow.Session - Session await > all barriers passed
Mar-28 07:39:52.985 [main] DEBUG n.trace.WorkflowStatsObserver - Workflow completed > WorkflowStats[succeededCount=1; failedCount=0; ignoredCount=0; cachedCount=0; pendingCount=0; submittedCount=0; runningCount=0; retriesCount=0; abortedCount=0; succeedDuration=87ms; failedDuration=0ms; cachedDuration=0ms;loadCpus=0; loadMemory=0; peakRunning=1; peakCpus=1; peakMemory=0; ]
Mar-28 07:39:53.155 [main] DEBUG nextflow.cache.CacheDB - Closing CacheDB done
Mar-28 07:39:53.169 [main] DEBUG nextflow.util.ThreadPoolManager - Thread pool 'FileTransfer' shutdown completed (hard=false)
Mar-28 07:39:53.169 [main] DEBUG nextflow.script.ScriptRunner - > Execution complete -- Goodbye
