Sep-21 03:45:47.972 [main] DEBUG nextflow.cli.Launcher - $> nextflow run nf-core/rnaseq —-bbsplit_fasta_list /home/ubuntu/MD_scholarly/scripts/pipelines/nf-core/rnaseq/fasta_list.csv --save_reference --input /home/ubuntu/MD_scholarly/scripts/pipelines/nf-core/rnaseq/helper_scripts/rnaseq_samplesheet.csv --outdir outdir --email kevinsmansouri@gmail.com --save_merged_fastq true -profile singularity -resume -r 3.12.0 --bbsplit_fasta_list fasta_list.csv --fasta /data/local/reference/igenomes/Homo_sapiens/GATK/GRCh38/Sequence/WholeGenomeFasta/Homo_sapiens_assembly38.fasta --gtf /data/local/reference/igenomes/Homo_sapiens/NCBI/GRCh38/Annotation/Genes/genes.gtf -c rna.config
Sep-21 03:45:48.028 [main] INFO  nextflow.cli.CmdRun - N E X T F L O W  ~  version 23.04.3
Sep-21 03:45:48.051 [main] DEBUG nextflow.plugin.PluginsFacade - Setting up plugin manager > mode=prod; embedded=false; plugins-dir=/home/ubuntu/.nextflow/plugins; core-plugins: nf-amazon@1.16.2,nf-azure@1.0.1,nf-codecommit@0.1.4,nf-console@1.0.5,nf-ga4gh@1.0.5,nf-google@1.7.3,nf-tower@1.5.12,nf-wave@0.8.4
Sep-21 03:45:48.062 [main] INFO  org.pf4j.DefaultPluginStatusProvider - Enabled plugins: []
Sep-21 03:45:48.062 [main] INFO  org.pf4j.DefaultPluginStatusProvider - Disabled plugins: []
Sep-21 03:45:48.065 [main] INFO  org.pf4j.DefaultPluginManager - PF4J version 3.4.1 in 'deployment' mode
Sep-21 03:45:48.076 [main] INFO  org.pf4j.AbstractPluginManager - No plugins
Sep-21 03:45:48.089 [main] DEBUG nextflow.scm.ProviderConfig - Using SCM config path: /home/ubuntu/.nextflow/scm
Sep-21 03:45:49.105 [main] DEBUG nextflow.scm.AssetManager - Git config: /home/ubuntu/.nextflow/assets/nf-core/rnaseq/.git/config; branch: master; remote: origin; url: https://github.com/nf-core/rnaseq.git
Sep-21 03:45:49.124 [main] DEBUG nextflow.scm.RepositoryFactory - Found Git repository result: [RepositoryFactory]
Sep-21 03:45:49.132 [main] DEBUG nextflow.scm.AssetManager - Git config: /home/ubuntu/.nextflow/assets/nf-core/rnaseq/.git/config; branch: master; remote: origin; url: https://github.com/nf-core/rnaseq.git
Sep-21 03:45:50.225 [main] DEBUG nextflow.config.ConfigBuilder - Found config base: /home/ubuntu/.nextflow/assets/nf-core/rnaseq/nextflow.config
Sep-21 03:45:50.230 [main] DEBUG nextflow.cli.Launcher - Operation aborted
nextflow.exception.AbortOperationException: The specified configuration file does not exist: /home/ubuntu/MD_scholarly/scripts/pipelines/nf-core/rnaseq/helper_scripts/rna.config -- check the name or choose another file
	at java.base/jdk.internal.reflect.NativeConstructorAccessorImpl.newInstance0(Native Method)
	at java.base/jdk.internal.reflect.NativeConstructorAccessorImpl.newInstance(NativeConstructorAccessorImpl.java:62)
	at java.base/jdk.internal.reflect.DelegatingConstructorAccessorImpl.newInstance(DelegatingConstructorAccessorImpl.java:45)
	at java.base/java.lang.reflect.Constructor.newInstance(Constructor.java:490)
	at org.codehaus.groovy.reflection.CachedConstructor.invoke(CachedConstructor.java:72)
	at org.codehaus.groovy.reflection.CachedConstructor.doConstructorInvoke(CachedConstructor.java:59)
	at org.codehaus.groovy.runtime.callsite.ConstructorSite$ConstructorSiteNoUnwrap.callConstructor(ConstructorSite.java:84)
	at org.codehaus.groovy.runtime.callsite.CallSiteArray.defaultCallConstructor(CallSiteArray.java:59)
	at org.codehaus.groovy.runtime.callsite.AbstractCallSite.callConstructor(AbstractCallSite.java:263)
	at org.codehaus.groovy.runtime.callsite.AbstractCallSite.callConstructor(AbstractCallSite.java:277)
	at nextflow.config.ConfigBuilder.validateConfigFiles(ConfigBuilder.groovy:245)
	at java.base/jdk.internal.reflect.NativeMethodAccessorImpl.invoke0(Native Method)
	at java.base/jdk.internal.reflect.NativeMethodAccessorImpl.invoke(NativeMethodAccessorImpl.java:62)
	at java.base/jdk.internal.reflect.DelegatingMethodAccessorImpl.invoke(DelegatingMethodAccessorImpl.java:43)
	at java.base/java.lang.reflect.Method.invoke(Method.java:566)
	at org.codehaus.groovy.runtime.callsite.PlainObjectMetaMethodSite.doInvoke(PlainObjectMetaMethodSite.java:48)
	at org.codehaus.groovy.runtime.callsite.PogoMetaMethodSite$PogoCachedMethodSiteNoUnwrapNoCoerce.invoke(PogoMetaMethodSite.java:189)
	at org.codehaus.groovy.runtime.callsite.PogoMetaMethodSite.callCurrent(PogoMetaMethodSite.java:57)
	at org.codehaus.groovy.runtime.callsite.CallSiteArray.defaultCallCurrent(CallSiteArray.java:51)
	at org.codehaus.groovy.runtime.callsite.AbstractCallSite.callCurrent(AbstractCallSite.java:171)
	at org.codehaus.groovy.runtime.callsite.AbstractCallSite.callCurrent(AbstractCallSite.java:185)
	at nextflow.config.ConfigBuilder.buildConfigObject(ConfigBuilder.groovy:802)
	at nextflow.config.ConfigBuilder.build(ConfigBuilder.groovy:816)
	at nextflow.cli.CmdRun.run(CmdRun.groovy:321)
	at nextflow.cli.Launcher.run(Launcher.groovy:494)
	at nextflow.cli.Launcher.main(Launcher.groovy:653)
